[|2020/04/06 22:08:53| - root - INFO] - 

[|2020/04/06 22:08:53| - root - INFO] - |--------------------|
[|2020/04/06 22:08:53| - root - INFO] - |INICIO DEL SCRAPPING|
[|2020/04/06 22:08:53| - root - INFO] - | - Patricia Garcia  |
[|2020/04/06 22:08:53| - root - INFO] - | - Adrian Arnaiz    |
[|2020/04/06 22:08:53| - root - INFO] - |--------------------|
[|2020/04/06 22:08:53| - root - INFO] - Conexiï¿½n completada con ï¿½xito - 200
[|2020/04/06 22:08:53| - root - INFO] - Datos extraidos satisfactoriamente de la pagina
[|2020/04/06 22:08:53| - root - INFO] - Guardado csv daily 2020-04-06__22h_08m_55
[|2020/04/06 22:08:53| - root - INFO] - ACTUALIZADO csv:../csv/covid_19_series/TotalCases_covid19_timeserie.csv
[|2020/04/06 22:08:53| - root - INFO] - ACTUALIZADO csv:../csv/covid_19_series/TotalDeaths_covid19_timeserie.csv
[|2020/04/06 22:08:53| - root - INFO] - ACTUALIZADO csv:../csv/covid_19_series/TotalRecovered_covid19_timeserie.csv
[|2020/04/06 22:08:53| - root - INFO] - ACTUALIZADO csv:../csv/covid_19_series/ActiveCases_covid19_timeserie.csv
[|2020/04/06 22:08:53| - root - INFO] - ACTUALIZADO csv:../csv/covid_19_series/TotalTests_covid19_timeserie.csv
[|2020/04/06 22:08:53| - root - INFO] - FIN

[|2020/04/07 15:34:11| - root - INFO] - 

[|2020/04/07 15:34:11| - root - INFO] - |--------------------|
[|2020/04/07 15:34:11| - root - INFO] - |INICIO DEL SCRAPPING|
[|2020/04/07 15:34:11| - root - INFO] - | - Patricia Garcia  |
[|2020/04/07 15:34:11| - root - INFO] - | - Adrian Arnaiz    |
[|2020/04/07 15:34:11| - root - INFO] - |--------------------|
[|2020/04/07 15:34:11| - root - INFO] - Conexión completada con éxito - 200
[|2020/04/07 15:34:11| - root - INFO] - Datos extraidos satisfactoriamente de la pagina
[|2020/04/07 15:34:11| - root - INFO] - Guardado csv daily: 2020-04-07__15h_34m_17
[|2020/04/07 15:34:11| - root - INFO] - ACTUALIZADO csv:../csv/covid_19_series/TotalCases_covid19_timeserie.csv
[|2020/04/07 15:34:11| - root - INFO] - ACTUALIZADO csv:../csv/covid_19_series/TotalDeaths_covid19_timeserie.csv
[|2020/04/07 15:34:11| - root - INFO] - ACTUALIZADO csv:../csv/covid_19_series/TotalRecovered_covid19_timeserie.csv
[|2020/04/07 15:34:11| - root - INFO] - ACTUALIZADO csv:../csv/covid_19_series/ActiveCases_covid19_timeserie.csv
[|2020/04/07 15:34:11| - root - INFO] - ACTUALIZADO csv:../csv/covid_19_series/TotalTests_covid19_timeserie.csv
[|2020/04/07 15:34:11| - root - INFO] - FIN

[|2020-04-07 20:50:56,291| - root - INFO] - 

[|2020-04-07 20:50:56,292| - root - INFO] - |--------------------|
[|2020-04-07 20:50:56,292| - root - INFO] - |INICIO DEL SCRAPPING|
[|2020-04-07 20:50:56,292| - root - INFO] - | - Patricia Garcia  |
[|2020-04-07 20:50:56,292| - root - INFO] - | - Adrian Arnaiz    |
[|2020-04-07 20:50:56,292| - root - INFO] - |--------------------|
[|2020-04-07 20:50:57,269| - root - INFO] - Conexion completada con exito - 200
[|2020-04-07 20:50:58,046| - root - INFO] - Datos extraidos satisfactoriamente de la pagina
[|2020-04-07 20:50:58,091| - root - INFO] - Guardado csv daily: 2020-04-07__20h_50m_58
[|2020-04-07 20:50:58,127| - root - INFO] - ACTUALIZADO csv:../csv/covid_19_series/TotalCases_covid19_timeserie.csv
[|2020-04-07 20:50:58,163| - root - INFO] - ACTUALIZADO csv:../csv/covid_19_series/TotalDeaths_covid19_timeserie.csv
[|2020-04-07 20:50:58,194| - root - INFO] - ACTUALIZADO csv:../csv/covid_19_series/TotalRecovered_covid19_timeserie.csv
[|2020-04-07 20:50:58,228| - root - INFO] - ACTUALIZADO csv:../csv/covid_19_series/ActiveCases_covid19_timeserie.csv
[|2020-04-07 20:50:58,260| - root - INFO] - ACTUALIZADO csv:../csv/covid_19_series/TotalTests_covid19_timeserie.csv
[|2020-04-07 20:50:58,260| - root - INFO] - FIN

[|2020-04-08 08:52:03,942| - root - INFO] - 

[|2020-04-08 08:52:03,942| - root - INFO] - |--------------------|
[|2020-04-08 08:52:03,942| - root - INFO] - |INICIO DEL SCRAPPING|
[|2020-04-08 08:52:03,942| - root - INFO] - | - Patricia Garcia  |
[|2020-04-08 08:52:03,942| - root - INFO] - | - Adrian Arnaiz    |
[|2020-04-08 08:52:03,942| - root - INFO] - |--------------------|
[|2020-04-08 08:52:04,176| - root - INFO] - Conexion completada con exito - 200
[|2020-04-08 08:52:04,928| - root - INFO] - Datos extraidos satisfactoriamente de la pagina
[|2020-04-08 08:52:04,951| - root - INFO] - Guardado csv daily: 2020-04-08__08h_52m_04
[|2020-04-08 08:52:04,956| - root - INFO] - ACTUALIZADO csv:../csv/covid_19_series/TotalCases_covid19_timeserie.csv
[|2020-04-08 08:52:04,962| - root - INFO] - ACTUALIZADO csv:../csv/covid_19_series/TotalDeaths_covid19_timeserie.csv
[|2020-04-08 08:52:04,967| - root - INFO] - ACTUALIZADO csv:../csv/covid_19_series/TotalRecovered_covid19_timeserie.csv
[|2020-04-08 08:52:04,972| - root - INFO] - ACTUALIZADO csv:../csv/covid_19_series/ActiveCases_covid19_timeserie.csv
[|2020-04-08 08:52:04,977| - root - INFO] - ACTUALIZADO csv:../csv/covid_19_series/TotalTests_covid19_timeserie.csv
[|2020-04-08 08:52:04,977| - root - INFO] - FIN

[|2020-04-08 08:52:04,977| - root - INFO] - FIN

[|2020-04-08 09:16:26,551| - root - INFO] - 

[|2020-04-08 09:16:26,551| - root - INFO] - |--------------------|
[|2020-04-08 09:16:26,551| - root - INFO] - |INICIO DEL SCRAPPING|
[|2020-04-08 09:16:26,551| - root - INFO] - | - Patricia Garcia  |
[|2020-04-08 09:16:26,551| - root - INFO] - | - Adrian Arnaiz    |
[|2020-04-08 09:16:26,551| - root - INFO] - |--------------------|
[|2020-04-08 09:16:27,108| - root - INFO] - Conexion completada con exito - 200
[|2020-04-08 09:16:27,908| - root - INFO] - Datos extraidos satisfactoriamente de la pagina
[|2020-04-08 09:16:27,932| - root - INFO] - Guardado csv daily: 2020-04-08__09h_16m_27
[|2020-04-08 09:16:27,939| - root - INFO] - ACTUALIZADO csv:../csv/covid_19_series/TotalCases_covid19_timeserie.csv
[|2020-04-08 09:16:27,945| - root - INFO] - ACTUALIZADO csv:../csv/covid_19_series/TotalDeaths_covid19_timeserie.csv
[|2020-04-08 09:16:27,951| - root - INFO] - ACTUALIZADO csv:../csv/covid_19_series/TotalRecovered_covid19_timeserie.csv
[|2020-04-08 09:16:27,957| - root - INFO] - ACTUALIZADO csv:../csv/covid_19_series/ActiveCases_covid19_timeserie.csv
[|2020-04-08 09:16:27,963| - root - INFO] - ACTUALIZADO csv:../csv/covid_19_series/TotalTests_covid19_timeserie.csv
[|2020-04-08 09:16:27,963| - root - INFO] - FIN

[|2020-04-08 10:08:05,820| - root - INFO] - 

[|2020-04-08 10:08:05,820| - root - INFO] - |--------------------|
[|2020-04-08 10:08:05,821| - root - INFO] - |INICIO DEL SCRAPPING|
[|2020-04-08 10:08:05,821| - root - INFO] - | - Patricia Garcia  |
[|2020-04-08 10:08:05,821| - root - INFO] - | - Adrian Arnaiz    |
[|2020-04-08 10:08:05,821| - root - INFO] - |--------------------|
[|2020-04-08 10:08:06,157| - root - INFO] - Conexion completada con exito - 200
[|2020-04-08 10:08:06,940| - root - INFO] - Datos extraidos satisfactoriamente de la pagina
[|2020-04-08 10:08:06,963| - root - INFO] - Guardado csv daily: 2020-04-08__10h_08m_06
[|2020-04-08 10:08:06,970| - root - INFO] - ACTUALIZADO csv:../csv/covid_19_series/TotalCases_covid19_timeserie.csv
[|2020-04-08 10:08:06,977| - root - INFO] - ACTUALIZADO csv:../csv/covid_19_series/TotalDeaths_covid19_timeserie.csv
[|2020-04-08 10:08:06,984| - root - INFO] - ACTUALIZADO csv:../csv/covid_19_series/TotalRecovered_covid19_timeserie.csv
[|2020-04-08 10:08:06,989| - root - INFO] - ACTUALIZADO csv:../csv/covid_19_series/ActiveCases_covid19_timeserie.csv
[|2020-04-08 10:08:06,996| - root - INFO] - ACTUALIZADO csv:../csv/covid_19_series/TotalTests_covid19_timeserie.csv
[|2020-04-08 10:08:06,996| - root - INFO] - FIN

[|2020-04-08 10:12:30,606| - root - INFO] - 

[|2020-04-08 10:12:30,606| - root - INFO] - |--------------------|
[|2020-04-08 10:12:30,606| - root - INFO] - |INICIO DEL SCRAPPING|
[|2020-04-08 10:12:30,606| - root - INFO] - | - Patricia Garcia  |
[|2020-04-08 10:12:30,606| - root - INFO] - | - Adrian Arnaiz    |
[|2020-04-08 10:12:30,606| - root - INFO] - |--------------------|
[|2020-04-08 10:12:31,114| - root - INFO] - Conexion completada con exito - 200
[|2020-04-08 10:12:31,894| - root - INFO] - Datos extraidos satisfactoriamente de la pagina
[|2020-04-08 10:12:31,918| - root - INFO] - Guardado csv daily: 2020-04-08__10h_12m_31
[|2020-04-08 10:12:31,924| - root - INFO] - ACTUALIZADO csv:../csv/covid_19_series/TotalCases_covid19_timeserie.csv
[|2020-04-08 10:12:31,930| - root - INFO] - ACTUALIZADO csv:../csv/covid_19_series/TotalDeaths_covid19_timeserie.csv
[|2020-04-08 10:12:31,936| - root - INFO] - ACTUALIZADO csv:../csv/covid_19_series/TotalRecovered_covid19_timeserie.csv
[|2020-04-08 10:12:31,942| - root - INFO] - ACTUALIZADO csv:../csv/covid_19_series/ActiveCases_covid19_timeserie.csv
[|2020-04-08 10:12:31,948| - root - INFO] - ACTUALIZADO csv:../csv/covid_19_series/TotalTests_covid19_timeserie.csv
[|2020-04-08 10:12:31,948| - root - INFO] - FIN

[|2020-04-09 13:57:22,495| - root - INFO] - 

[|2020-04-09 13:57:22,495| - root - INFO] - |--------------------|
[|2020-04-09 13:57:22,495| - root - INFO] - |INICIO DEL SCRAPPING|
[|2020-04-09 13:57:22,495| - root - INFO] - | - Patricia Garcia  |
[|2020-04-09 13:57:22,495| - root - INFO] - | - Adrian Arnaiz    |
[|2020-04-09 13:57:22,495| - root - INFO] - |--------------------|
[|2020-04-09 13:57:22,850| - root - INFO] - Conexion completada con exito - 200
[|2020-04-09 13:57:23,674| - root - INFO] - Datos extraidos satisfactoriamente de la pagina
[|2020-04-09 13:57:23,700| - root - INFO] - Guardado csv daily: 2020-04-09__13h_57m_23
[|2020-04-09 13:57:23,706| - root - INFO] - ACTUALIZADO csv:../csv/covid_19_series/TotalCases_covid19_timeserie.csv
[|2020-04-09 13:57:23,714| - root - INFO] - ACTUALIZADO csv:../csv/covid_19_series/TotalDeaths_covid19_timeserie.csv
[|2020-04-09 13:57:23,721| - root - INFO] - ACTUALIZADO csv:../csv/covid_19_series/TotalRecovered_covid19_timeserie.csv
[|2020-04-09 13:57:23,727| - root - INFO] - ACTUALIZADO csv:../csv/covid_19_series/ActiveCases_covid19_timeserie.csv
[|2020-04-09 13:57:23,734| - root - INFO] - ACTUALIZADO csv:../csv/covid_19_series/TotalTests_covid19_timeserie.csv
[|2020-04-09 13:57:23,734| - root - INFO] - FIN

[|2020-04-10 10:13:20,091| - root - INFO] - 

[|2020-04-10 10:13:20,091| - root - INFO] - |--------------------|
[|2020-04-10 10:13:20,091| - root - INFO] - |INICIO DEL SCRAPPING|
[|2020-04-10 10:13:20,091| - root - INFO] - | - Patricia Garcia  |
[|2020-04-10 10:13:20,091| - root - INFO] - | - Adrian Arnaiz    |
[|2020-04-10 10:13:20,091| - root - INFO] - |--------------------|
[|2020-04-10 10:13:20,487| - root - INFO] - Conexion completada con exito - 200
[|2020-04-10 10:13:21,299| - root - INFO] - Datos extraidos satisfactoriamente de la pagina
[|2020-04-10 10:13:21,322| - root - INFO] - Guardado csv daily: 2020-04-10__10h_13m_21
[|2020-04-10 10:13:21,330| - root - INFO] - ACTUALIZADO csv:../csv/covid_19_series/TotalCases_covid19_timeserie.csv
[|2020-04-10 10:13:21,337| - root - INFO] - ACTUALIZADO csv:../csv/covid_19_series/TotalDeaths_covid19_timeserie.csv
[|2020-04-10 10:13:21,344| - root - INFO] - ACTUALIZADO csv:../csv/covid_19_series/TotalRecovered_covid19_timeserie.csv
[|2020-04-10 10:13:21,351| - root - INFO] - ACTUALIZADO csv:../csv/covid_19_series/ActiveCases_covid19_timeserie.csv
[|2020-04-10 10:13:21,359| - root - INFO] - ACTUALIZADO csv:../csv/covid_19_series/TotalTests_covid19_timeserie.csv
[|2020-04-10 10:13:21,359| - root - INFO] - FIN

[|2020-04-10 16:03:41,795| - root - INFO] - 

[|2020-04-10 16:03:41,795| - root - INFO] - |--------------------|
[|2020-04-10 16:03:41,795| - root - INFO] - |INICIO DEL SCRAPPING|
[|2020-04-10 16:03:41,796| - root - INFO] - | - Patricia Garcia  |
[|2020-04-10 16:03:41,796| - root - INFO] - | - Adrian Arnaiz    |
[|2020-04-10 16:03:41,796| - root - INFO] - |--------------------|
[|2020-04-10 16:03:42,297| - root - INFO] - Conexion completada con exito - 200
[|2020-04-10 16:03:43,134| - root - INFO] - Datos extraidos satisfactoriamente de la pagina
[|2020-04-10 16:03:43,160| - root - INFO] - Guardado csv daily: 2020-04-10__16h_03m_43
[|2020-04-10 16:03:43,168| - root - INFO] - ACTUALIZADO csv:../csv/covid_19_series/TotalCases_covid19_timeserie.csv
[|2020-04-10 16:03:43,176| - root - INFO] - ACTUALIZADO csv:../csv/covid_19_series/TotalDeaths_covid19_timeserie.csv
[|2020-04-10 16:03:43,183| - root - INFO] - ACTUALIZADO csv:../csv/covid_19_series/TotalRecovered_covid19_timeserie.csv
[|2020-04-10 16:03:43,192| - root - INFO] - ACTUALIZADO csv:../csv/covid_19_series/ActiveCases_covid19_timeserie.csv
[|2020-04-10 16:03:43,199| - root - INFO] - ACTUALIZADO csv:../csv/covid_19_series/TotalTests_covid19_timeserie.csv
[|2020-04-10 16:03:43,199| - root - INFO] - FIN

[|2020-04-11 10:14:06,112| - root - INFO] - 

[|2020-04-11 10:14:06,112| - root - INFO] - |--------------------|
[|2020-04-11 10:14:06,112| - root - INFO] - |INICIO DEL SCRAPPING|
[|2020-04-11 10:14:06,113| - root - INFO] - | - Patricia Garcia  |
[|2020-04-11 10:14:06,113| - root - INFO] - | - Adrian Arnaiz    |
[|2020-04-11 10:14:06,113| - root - INFO] - |--------------------|
[|2020-04-11 10:14:06,662| - root - INFO] - Conexion completada con exito - 200
[|2020-04-11 10:14:07,475| - root - INFO] - Datos extraidos satisfactoriamente de la pagina
[|2020-04-11 10:14:07,498| - root - INFO] - Guardado csv daily: 2020-04-11__10h_14m_07
[|2020-04-11 10:14:07,506| - root - INFO] - ACTUALIZADO csv:../csv/covid_19_series/TotalCases_covid19_timeserie.csv
[|2020-04-11 10:14:07,512| - root - INFO] - ACTUALIZADO csv:../csv/covid_19_series/TotalDeaths_covid19_timeserie.csv
[|2020-04-11 10:14:07,519| - root - INFO] - ACTUALIZADO csv:../csv/covid_19_series/TotalRecovered_covid19_timeserie.csv
[|2020-04-11 10:14:07,527| - root - INFO] - ACTUALIZADO csv:../csv/covid_19_series/ActiveCases_covid19_timeserie.csv
[|2020-04-11 10:14:07,533| - root - INFO] - ACTUALIZADO csv:../csv/covid_19_series/TotalTests_covid19_timeserie.csv
[|2020-04-11 10:14:07,534| - root - INFO] - FIN

[|2020-04-12 10:14:58,345| - root - INFO] - 

[|2020-04-12 10:14:58,345| - root - INFO] - |--------------------|
[|2020-04-12 10:14:58,345| - root - INFO] - |INICIO DEL SCRAPPING|
[|2020-04-12 10:14:58,345| - root - INFO] - | - Patricia Garcia  |
[|2020-04-12 10:14:58,345| - root - INFO] - | - Adrian Arnaiz    |
[|2020-04-12 10:14:58,345| - root - INFO] - |--------------------|
[|2020-04-12 10:14:58,704| - root - INFO] - Conexion completada con exito - 200
[|2020-04-12 10:14:59,516| - root - INFO] - Datos extraidos satisfactoriamente de la pagina
[|2020-04-12 10:14:59,540| - root - INFO] - Guardado csv daily: 2020-04-12__10h_14m_59
[|2020-04-12 10:14:59,548| - root - INFO] - ACTUALIZADO csv:../csv/covid_19_series/TotalCases_covid19_timeserie.csv
[|2020-04-12 10:14:59,556| - root - INFO] - ACTUALIZADO csv:../csv/covid_19_series/TotalDeaths_covid19_timeserie.csv
[|2020-04-12 10:14:59,564| - root - INFO] - ACTUALIZADO csv:../csv/covid_19_series/TotalRecovered_covid19_timeserie.csv
[|2020-04-12 10:14:59,571| - root - INFO] - ACTUALIZADO csv:../csv/covid_19_series/ActiveCases_covid19_timeserie.csv
[|2020-04-12 10:14:59,579| - root - INFO] - ACTUALIZADO csv:../csv/covid_19_series/TotalTests_covid19_timeserie.csv
[|2020-04-12 10:14:59,579| - root - INFO] - FIN

[|2020-04-16 12:26:46,523| - root - INFO] - 

[|2020-04-16 12:26:46,532| - root - INFO] - |--------------------|
[|2020-04-16 12:26:46,532| - root - INFO] - |INICIO DEL SCRAPPING|
[|2020-04-16 12:26:46,532| - root - INFO] - | - Patricia Garcia  |
[|2020-04-16 12:26:46,532| - root - INFO] - | - Adrian Arnaiz    |
[|2020-04-16 12:26:46,532| - root - INFO] - |--------------------|
[|2020-04-16 12:26:47,718| - root - INFO] - Conexion completada con exito - 200
[|2020-04-16 12:26:48,453| - root - INFO] - Datos extraidos satisfactoriamente de la pagina
[|2020-04-16 12:26:48,484| - root - INFO] - Guardado csv daily: 2020-04-16__12h_26m_48
[|2020-04-16 12:26:48,516| - root - INFO] - ACTUALIZADO csv:../csv/covid_19_series/TotalCases_covid19_timeserie.csv
[|2020-04-16 12:26:48,555| - root - INFO] - ACTUALIZADO csv:../csv/covid_19_series/TotalDeaths_covid19_timeserie.csv
[|2020-04-16 12:26:48,600| - root - INFO] - ACTUALIZADO csv:../csv/covid_19_series/TotalRecovered_covid19_timeserie.csv
[|2020-04-16 12:26:48,647| - root - INFO] - ACTUALIZADO csv:../csv/covid_19_series/ActiveCases_covid19_timeserie.csv
[|2020-04-16 12:26:48,701| - root - INFO] - ACTUALIZADO csv:../csv/covid_19_series/TotalTests_covid19_timeserie.csv
[|2020-04-16 12:26:48,701| - root - INFO] - FIN

[|2020-04-17 10:18:44,015| - root - INFO] - 

[|2020-04-17 10:18:44,015| - root - INFO] - |--------------------|
[|2020-04-17 10:18:44,015| - root - INFO] - |INICIO DEL SCRAPPING|
[|2020-04-17 10:18:44,015| - root - INFO] - | - Patricia Garcia  |
[|2020-04-17 10:18:44,015| - root - INFO] - | - Adrian Arnaiz    |
[|2020-04-17 10:18:44,015| - root - INFO] - |--------------------|
[|2020-04-17 10:18:44,471| - root - INFO] - Conexion completada con exito - 200
[|2020-04-17 10:18:45,287| - root - INFO] - Datos extraidos satisfactoriamente de la pagina
[|2020-04-17 10:18:45,320| - root - INFO] - Guardado csv daily: 2020-04-17__10h_18m_45
[|2020-04-17 10:18:45,329| - root - INFO] - ACTUALIZADO csv:../csv/covid_19_series/TotalCases_covid19_timeserie.csv
[|2020-04-17 10:18:45,337| - root - INFO] - ACTUALIZADO csv:../csv/covid_19_series/TotalDeaths_covid19_timeserie.csv
[|2020-04-17 10:18:45,344| - root - INFO] - ACTUALIZADO csv:../csv/covid_19_series/TotalRecovered_covid19_timeserie.csv
[|2020-04-17 10:18:45,352| - root - INFO] - ACTUALIZADO csv:../csv/covid_19_series/ActiveCases_covid19_timeserie.csv
[|2020-04-17 10:18:45,359| - root - INFO] - ACTUALIZADO csv:../csv/covid_19_series/TotalTests_covid19_timeserie.csv
[|2020-04-17 10:18:45,359| - root - INFO] - FIN

[|2020-04-18 10:19:14,944| - root - INFO] - 

[|2020-04-18 10:19:14,944| - root - INFO] - |--------------------|
[|2020-04-18 10:19:14,944| - root - INFO] - |INICIO DEL SCRAPPING|
[|2020-04-18 10:19:14,944| - root - INFO] - | - Patricia Garcia  |
[|2020-04-18 10:19:14,944| - root - INFO] - | - Adrian Arnaiz    |
[|2020-04-18 10:19:14,944| - root - INFO] - |--------------------|
[|2020-04-18 10:19:15,492| - root - INFO] - Conexion completada con exito - 200
[|2020-04-18 10:19:16,303| - root - INFO] - Datos extraidos satisfactoriamente de la pagina
[|2020-04-18 10:19:16,338| - root - INFO] - Guardado csv daily: 2020-04-18__10h_19m_16
[|2020-04-18 10:19:16,347| - root - INFO] - ACTUALIZADO csv:../csv/covid_19_series/TotalCases_covid19_timeserie.csv
[|2020-04-18 10:19:16,355| - root - INFO] - ACTUALIZADO csv:../csv/covid_19_series/TotalDeaths_covid19_timeserie.csv
[|2020-04-18 10:19:16,364| - root - INFO] - ACTUALIZADO csv:../csv/covid_19_series/TotalRecovered_covid19_timeserie.csv
[|2020-04-18 10:19:16,373| - root - INFO] - ACTUALIZADO csv:../csv/covid_19_series/ActiveCases_covid19_timeserie.csv
[|2020-04-18 10:19:16,382| - root - INFO] - ACTUALIZADO csv:../csv/covid_19_series/TotalTests_covid19_timeserie.csv
[|2020-04-18 10:19:16,382| - root - INFO] - FIN

[|2020-04-19 10:20:03,358| - root - INFO] - 

[|2020-04-19 10:20:03,358| - root - INFO] - |--------------------|
[|2020-04-19 10:20:03,358| - root - INFO] - |INICIO DEL SCRAPPING|
[|2020-04-19 10:20:03,358| - root - INFO] - | - Patricia Garcia  |
[|2020-04-19 10:20:03,358| - root - INFO] - | - Adrian Arnaiz    |
[|2020-04-19 10:20:03,358| - root - INFO] - |--------------------|
[|2020-04-19 10:20:03,820| - root - INFO] - Conexion completada con exito - 200
[|2020-04-19 10:20:04,643| - root - INFO] - Datos extraidos satisfactoriamente de la pagina
[|2020-04-19 10:20:04,682| - root - INFO] - Guardado csv daily: 2020-04-19__10h_20m_04
[|2020-04-19 10:20:04,692| - root - INFO] - ACTUALIZADO csv:../csv/covid_19_series/TotalCases_covid19_timeserie.csv
[|2020-04-19 10:20:04,701| - root - INFO] - ACTUALIZADO csv:../csv/covid_19_series/TotalDeaths_covid19_timeserie.csv
[|2020-04-19 10:20:04,710| - root - INFO] - ACTUALIZADO csv:../csv/covid_19_series/TotalRecovered_covid19_timeserie.csv
[|2020-04-19 10:20:04,718| - root - INFO] - ACTUALIZADO csv:../csv/covid_19_series/ActiveCases_covid19_timeserie.csv
[|2020-04-19 10:20:04,727| - root - INFO] - ACTUALIZADO csv:../csv/covid_19_series/TotalTests_covid19_timeserie.csv
[|2020-04-19 10:20:04,727| - root - INFO] - FIN

[|2020-04-20 10:20:52,127| - root - INFO] - 

[|2020-04-20 10:20:52,127| - root - INFO] - |--------------------|
[|2020-04-20 10:20:52,127| - root - INFO] - |INICIO DEL SCRAPPING|
[|2020-04-20 10:20:52,127| - root - INFO] - | - Patricia Garcia  |
[|2020-04-20 10:20:52,127| - root - INFO] - | - Adrian Arnaiz    |
[|2020-04-20 10:20:52,127| - root - INFO] - |--------------------|
[|2020-04-20 10:20:52,704| - root - INFO] - Conexion completada con exito - 200
[|2020-04-20 10:20:53,489| - root - INFO] - Datos extraidos satisfactoriamente de la pagina
[|2020-04-20 10:20:53,522| - root - INFO] - Guardado csv daily: 2020-04-20__10h_20m_53
[|2020-04-20 10:20:53,531| - root - INFO] - ACTUALIZADO csv:../csv/covid_19_series/TotalCases_covid19_timeserie.csv
[|2020-04-20 10:20:53,539| - root - INFO] - ACTUALIZADO csv:../csv/covid_19_series/TotalDeaths_covid19_timeserie.csv
[|2020-04-20 10:20:53,547| - root - INFO] - ACTUALIZADO csv:../csv/covid_19_series/TotalRecovered_covid19_timeserie.csv
[|2020-04-20 10:20:53,556| - root - INFO] - ACTUALIZADO csv:../csv/covid_19_series/ActiveCases_covid19_timeserie.csv
[|2020-04-20 10:20:53,564| - root - INFO] - ACTUALIZADO csv:../csv/covid_19_series/TotalTests_covid19_timeserie.csv
[|2020-04-20 10:20:53,564| - root - INFO] - FIN

[|2020-04-21 10:21:12,257| - root - INFO] - 

[|2020-04-21 10:21:12,257| - root - INFO] - |--------------------|
[|2020-04-21 10:21:12,257| - root - INFO] - |INICIO DEL SCRAPPING|
[|2020-04-21 10:21:12,257| - root - INFO] - | - Patricia Garcia  |
[|2020-04-21 10:21:12,257| - root - INFO] - | - Adrian Arnaiz    |
[|2020-04-21 10:21:12,257| - root - INFO] - |--------------------|
[|2020-04-21 10:21:12,750| - root - INFO] - Conexion completada con exito - 200
[|2020-04-21 10:21:13,533| - root - INFO] - Datos extraidos satisfactoriamente de la pagina
[|2020-04-21 10:21:13,565| - root - INFO] - Guardado csv daily: 2020-04-21__10h_21m_13
[|2020-04-21 10:21:13,574| - root - INFO] - ACTUALIZADO csv:../csv/covid_19_series/TotalCases_covid19_timeserie.csv
[|2020-04-21 10:21:13,583| - root - INFO] - ACTUALIZADO csv:../csv/covid_19_series/TotalDeaths_covid19_timeserie.csv
[|2020-04-21 10:21:13,591| - root - INFO] - ACTUALIZADO csv:../csv/covid_19_series/TotalRecovered_covid19_timeserie.csv
[|2020-04-21 10:21:13,600| - root - INFO] - ACTUALIZADO csv:../csv/covid_19_series/ActiveCases_covid19_timeserie.csv
[|2020-04-21 10:21:13,608| - root - INFO] - ACTUALIZADO csv:../csv/covid_19_series/TotalTests_covid19_timeserie.csv
[|2020-04-21 10:21:13,608| - root - INFO] - FIN

[|2020-04-22 10:21:18,093| - root - INFO] - 

[|2020-04-22 10:21:18,093| - root - INFO] - |--------------------|
[|2020-04-22 10:21:18,093| - root - INFO] - |INICIO DEL SCRAPPING|
[|2020-04-22 10:21:18,093| - root - INFO] - | - Patricia Garcia  |
[|2020-04-22 10:21:18,093| - root - INFO] - | - Adrian Arnaiz    |
[|2020-04-22 10:21:18,094| - root - INFO] - |--------------------|
[|2020-04-22 10:21:18,688| - root - INFO] - Conexion completada con exito - 200
[|2020-04-22 10:21:19,488| - root - INFO] - Datos extraidos satisfactoriamente de la pagina
[|2020-04-22 10:21:19,521| - root - INFO] - Guardado csv daily: 2020-04-22__10h_21m_19
[|2020-04-22 10:21:19,531| - root - INFO] - ACTUALIZADO csv:../csv/covid_19_series/TotalCases_covid19_timeserie.csv
[|2020-04-22 10:21:19,540| - root - INFO] - ACTUALIZADO csv:../csv/covid_19_series/TotalDeaths_covid19_timeserie.csv
[|2020-04-22 10:21:19,549| - root - INFO] - ACTUALIZADO csv:../csv/covid_19_series/TotalRecovered_covid19_timeserie.csv
[|2020-04-22 10:21:19,559| - root - INFO] - ACTUALIZADO csv:../csv/covid_19_series/ActiveCases_covid19_timeserie.csv
[|2020-04-22 10:21:19,568| - root - INFO] - ACTUALIZADO csv:../csv/covid_19_series/TotalTests_covid19_timeserie.csv
[|2020-04-22 10:21:19,568| - root - INFO] - FIN

